<?xml version="1.0" encoding="UTF-8"?>
<testsuites>
  <testsuite name="Tests\CalculatorTest" file="/home/ubuntu/repos/mcp-phpunit/samples/php_project/tests/CalculatorTest.php" tests="4" assertions="4" errors="1" warnings="0" failures="0" skipped="0" time="0.001679">
    <testcase name="testAdd" class="Tests\CalculatorTest" classname="Tests.CalculatorTest" file="/home/ubuntu/repos/mcp-phpunit/samples/php_project/tests/CalculatorTest.php" line="9" assertions="1" time="0.001371"/>
    <testcase name="testSubtract" class="Tests\CalculatorTest" classname="Tests.CalculatorTest" file="/home/ubuntu/repos/mcp-phpunit/samples/php_project/tests/CalculatorTest.php" line="14" assertions="1" time="0.000023"/>
    <testcase name="testMultiply" class="Tests\CalculatorTest" classname="Tests.CalculatorTest" file="/home/ubuntu/repos/mcp-phpunit/samples/php_project/tests/CalculatorTest.php" line="19" assertions="1" time="0.000017"/>
    <testcase name="testDivide" class="Tests\CalculatorTest" classname="Tests.CalculatorTest" file="/home/ubuntu/repos/mcp-phpunit/samples/php_project/tests/CalculatorTest.php" line="24" assertions="1" time="0.000267">
      <error type="DivisionByZeroError">Tests\CalculatorTest::testDivide
DivisionByZeroError: Division by zero

/home/ubuntu/repos/mcp-phpunit/samples/php_project/src/Calculator.php:20
/home/ubuntu/repos/mcp-phpunit/samples/php_project/tests/CalculatorTest.php:28</error>
    </testcase>
  </testsuite>
</testsuites>
